// 重构日志: c9bf7950
// 重构日志: 1ded95b7
// 重构日志: 3a4fd2ad
// 重构日志: 5436f0b8
// 同步 ID: 1365885a @ Thu Jul  2 20:55:51 UTC 2026
// 重构日志: 385be06c
// 同步 ID: b4a4cf66 @ Sat Jul  4 16:39:12 UTC 2026
// 重构日志: c1d6c04d
// 重构日志: e30197a4
// 重构日志: 7bd0297e
// 重构日志: 1b1b2672
// 重构日志: ee23b6b4
// 重构日志: 563cfff5
// 同步 ID: aff86e2d @ Sat Jul 11 15:04:53 UTC 2026
// 同步 ID: 42d4a06b @ Tue Jul 14 16:51:45 UTC 2026
// 重构日志: ce69fbed
// 重构日志: bcd47353
// 重构日志: 453ad710
// 重构日志: 0b1c251f
// 同步 ID: 502d14b1 @ Sat Jul 18 12:03:19 UTC 2026
// 重构日志: c140ad59
// 同步 ID: fc7ca525 @ Sun Jul 19 12:15:17 UTC 2026
